[debug] [2025-10-25T22:17:38.312Z] ----------------------------------------------------------------------
[debug] [2025-10-25T22:17:38.313Z] Command:       /opt/homebrew/Cellar/node/24.6.0/bin/node /opt/homebrew/bin/firebase init
[debug] [2025-10-25T22:17:38.314Z] CLI Version:   14.22.0
[debug] [2025-10-25T22:17:38.314Z] Platform:      darwin
[debug] [2025-10-25T22:17:38.314Z] Node Version:  v24.6.0
[debug] [2025-10-25T22:17:38.314Z] Time:          Sat Oct 25 2025 17:17:38 GMT-0500 (Central Daylight Time)
[debug] [2025-10-25T22:17:38.314Z] ----------------------------------------------------------------------
[debug] 
[info] 
     ######## #### ########  ######## ########     ###     ######  ########
     ##        ##  ##     ## ##       ##     ##  ##   ##  ##       ##
     ######    ##  ########  ######   ########  #########  ######  ######
     ##        ##  ##    ##  ##       ##     ## ##     ##       ## ##
     ##       #### ##     ## ######## ########  ##     ##  ######  ########

You're about to initialize a Firebase project in this directory:

  /Users/maxchen/Documents/GitHub/impulse-purchase-extension

[info] 
=== Project Setup
[info] 
[info] First, let's associate this project directory with a Firebase project.
[info] You can create multiple project aliases by running firebase use --add, 
[info] 
[debug] [2025-10-25T22:18:08.336Z] > command requires scopes: ["email","openid","https://www.googleapis.com/auth/cloudplatformprojects.readonly","https://www.googleapis.com/auth/firebase","https://www.googleapis.com/auth/cloud-platform"]
[debug] [2025-10-25T22:18:08.336Z] > authorizing via signed-in user (maxwhchen@gmail.com)
[debug] [2025-10-25T22:18:08.338Z] Checked if tokens are valid: false, expires at: 1756239483071
[debug] [2025-10-25T22:18:08.338Z] Checked if tokens are valid: false, expires at: 1756239483071
[debug] [2025-10-25T22:18:08.338Z] > refreshing access token with scopes: []
[debug] [2025-10-25T22:18:08.340Z] >>> [apiv2][query] POST https://www.googleapis.com/oauth2/v3/token [none]
[debug] [2025-10-25T22:18:08.340Z] >>> [apiv2][body] POST https://www.googleapis.com/oauth2/v3/token [omitted]
[debug] [2025-10-25T22:18:08.893Z] <<< [apiv2][status] POST https://www.googleapis.com/oauth2/v3/token 200
[debug] [2025-10-25T22:18:08.894Z] <<< [apiv2][body] POST https://www.googleapis.com/oauth2/v3/token [omitted]
[debug] [2025-10-25T22:18:08.903Z] >>> [apiv2][query] GET https://firebase.googleapis.com/v1beta1/projects pageSize=100
[debug] [2025-10-25T22:18:09.784Z] <<< [apiv2][status] GET https://firebase.googleapis.com/v1beta1/projects 200
[debug] [2025-10-25T22:18:09.784Z] <<< [apiv2][body] GET https://firebase.googleapis.com/v1beta1/projects [omitted]
[info] 
=== Dataconnect Setup
[debug] [2025-10-25T22:18:12.889Z] Checked if tokens are valid: true, expires at: 1761434287894
[debug] [2025-10-25T22:18:12.889Z] Checked if tokens are valid: true, expires at: 1761434287894
[debug] [2025-10-25T22:18:12.889Z] >>> [apiv2][query] GET https://cloudbilling.googleapis.com/v1/projects/impulse-purchase-tracker/billingInfo [none]
[debug] [2025-10-25T22:18:13.164Z] <<< [apiv2][status] GET https://cloudbilling.googleapis.com/v1/projects/impulse-purchase-tracker/billingInfo 200
[debug] [2025-10-25T22:18:13.164Z] <<< [apiv2][body] GET https://cloudbilling.googleapis.com/v1/projects/impulse-purchase-tracker/billingInfo {"name":"projects/impulse-purchase-tracker/billingInfo","projectId":"impulse-purchase-tracker","billingAccountName":"","billingEnabled":false}
[info] i  dataconnect: ensuring required API firebasedataconnect.googleapis.com is enabled... 
[debug] [2025-10-25T22:18:13.165Z] Checked if tokens are valid: true, expires at: 1761434287894
[debug] [2025-10-25T22:18:13.165Z] Checked if tokens are valid: true, expires at: 1761434287894
[info] i  dataconnect: ensuring required API sqladmin.googleapis.com is enabled... 
[debug] [2025-10-25T22:18:13.165Z] Checked if tokens are valid: true, expires at: 1761434287894
[debug] [2025-10-25T22:18:13.165Z] Checked if tokens are valid: true, expires at: 1761434287894
[debug] [2025-10-25T22:18:13.165Z] >>> [apiv2][query] GET https://serviceusage.googleapis.com/v1/projects/impulse-purchase-tracker/services/firebasedataconnect.googleapis.com [none]
[debug] [2025-10-25T22:18:13.165Z] >>> [apiv2][(partial)header] GET https://serviceusage.googleapis.com/v1/projects/impulse-purchase-tracker/services/firebasedataconnect.googleapis.com x-goog-quota-user=projects/impulse-purchase-tracker
[debug] [2025-10-25T22:18:13.167Z] >>> [apiv2][query] GET https://serviceusage.googleapis.com/v1/projects/impulse-purchase-tracker/services/sqladmin.googleapis.com [none]
[debug] [2025-10-25T22:18:13.167Z] >>> [apiv2][(partial)header] GET https://serviceusage.googleapis.com/v1/projects/impulse-purchase-tracker/services/sqladmin.googleapis.com x-goog-quota-user=projects/impulse-purchase-tracker
[debug] [2025-10-25T22:18:13.562Z] <<< [apiv2][status] GET https://serviceusage.googleapis.com/v1/projects/impulse-purchase-tracker/services/sqladmin.googleapis.com 200
[debug] [2025-10-25T22:18:13.562Z] <<< [apiv2][body] GET https://serviceusage.googleapis.com/v1/projects/impulse-purchase-tracker/services/sqladmin.googleapis.com [omitted]
[warn] ⚠  dataconnect: missing required API sqladmin.googleapis.com. Enabling now... 
[debug] [2025-10-25T22:18:13.563Z] Checked if tokens are valid: true, expires at: 1761434287894
[debug] [2025-10-25T22:18:13.563Z] Checked if tokens are valid: true, expires at: 1761434287894
[debug] [2025-10-25T22:18:13.563Z] >>> [apiv2][query] POST https://serviceusage.googleapis.com/v1/projects/impulse-purchase-tracker/services/sqladmin.googleapis.com:enable [none]
[debug] [2025-10-25T22:18:13.563Z] >>> [apiv2][(partial)header] POST https://serviceusage.googleapis.com/v1/projects/impulse-purchase-tracker/services/sqladmin.googleapis.com:enable x-goog-quota-user=projects/impulse-purchase-tracker
[debug] [2025-10-25T22:18:13.564Z] <<< [apiv2][status] GET https://serviceusage.googleapis.com/v1/projects/impulse-purchase-tracker/services/firebasedataconnect.googleapis.com 200
[debug] [2025-10-25T22:18:13.564Z] <<< [apiv2][body] GET https://serviceusage.googleapis.com/v1/projects/impulse-purchase-tracker/services/firebasedataconnect.googleapis.com [omitted]
[warn] ⚠  dataconnect: missing required API firebasedataconnect.googleapis.com. Enabling now... 
[debug] [2025-10-25T22:18:13.564Z] Checked if tokens are valid: true, expires at: 1761434287894
[debug] [2025-10-25T22:18:13.564Z] Checked if tokens are valid: true, expires at: 1761434287894
[debug] [2025-10-25T22:18:13.564Z] >>> [apiv2][query] POST https://serviceusage.googleapis.com/v1/projects/impulse-purchase-tracker/services/firebasedataconnect.googleapis.com:enable [none]
[debug] [2025-10-25T22:18:13.564Z] >>> [apiv2][(partial)header] POST https://serviceusage.googleapis.com/v1/projects/impulse-purchase-tracker/services/firebasedataconnect.googleapis.com:enable x-goog-quota-user=projects/impulse-purchase-tracker
[debug] [2025-10-25T22:18:14.197Z] <<< [apiv2][status] POST https://serviceusage.googleapis.com/v1/projects/impulse-purchase-tracker/services/firebasedataconnect.googleapis.com:enable 200
[debug] [2025-10-25T22:18:14.197Z] <<< [apiv2][body] POST https://serviceusage.googleapis.com/v1/projects/impulse-purchase-tracker/services/firebasedataconnect.googleapis.com:enable [omitted]
[debug] [2025-10-25T22:18:14.264Z] <<< [apiv2][status] POST https://serviceusage.googleapis.com/v1/projects/impulse-purchase-tracker/services/sqladmin.googleapis.com:enable 200
[debug] [2025-10-25T22:18:14.264Z] <<< [apiv2][body] POST https://serviceusage.googleapis.com/v1/projects/impulse-purchase-tracker/services/sqladmin.googleapis.com:enable [omitted]
[debug] [2025-10-25T22:18:24.276Z] Checked if tokens are valid: true, expires at: 1761434287894
[debug] [2025-10-25T22:18:24.277Z] Checked if tokens are valid: true, expires at: 1761434287894
[debug] [2025-10-25T22:18:24.277Z] >>> [apiv2][query] GET https://firebasedataconnect.googleapis.com/v1/projects/impulse-purchase-tracker/locations/-/services [none]
[debug] [2025-10-25T22:18:24.939Z] <<< [apiv2][status] GET https://firebasedataconnect.googleapis.com/v1/projects/impulse-purchase-tracker/locations/-/services 200
[debug] [2025-10-25T22:18:24.940Z] <<< [apiv2][body] GET https://firebasedataconnect.googleapis.com/v1/projects/impulse-purchase-tracker/locations/-/services {}
[info] i  : ensuring required API cloudaicompanion.googleapis.com is enabled... 
[debug] [2025-10-25T22:18:28.497Z] Checked if tokens are valid: true, expires at: 1761434287894
[debug] [2025-10-25T22:18:28.497Z] Checked if tokens are valid: true, expires at: 1761434287894
[debug] [2025-10-25T22:18:28.497Z] >>> [apiv2][query] GET https://serviceusage.googleapis.com/v1/projects/impulse-purchase-tracker/services/cloudaicompanion.googleapis.com [none]
[debug] [2025-10-25T22:18:28.497Z] >>> [apiv2][(partial)header] GET https://serviceusage.googleapis.com/v1/projects/impulse-purchase-tracker/services/cloudaicompanion.googleapis.com x-goog-quota-user=projects/impulse-purchase-tracker
[debug] [2025-10-25T22:18:28.833Z] <<< [apiv2][status] GET https://serviceusage.googleapis.com/v1/projects/impulse-purchase-tracker/services/cloudaicompanion.googleapis.com 200
[debug] [2025-10-25T22:18:28.834Z] <<< [apiv2][body] GET https://serviceusage.googleapis.com/v1/projects/impulse-purchase-tracker/services/cloudaicompanion.googleapis.com [omitted]
[info] ✔  : required API cloudaicompanion.googleapis.com is enabled 
[debug] [2025-10-25T22:18:44.068Z] Checked if tokens are valid: true, expires at: 1761434287894
[debug] [2025-10-25T22:18:44.068Z] Checked if tokens are valid: true, expires at: 1761434287894
[debug] [2025-10-25T22:18:44.069Z] >>> [apiv2][query] GET https://firebasedataconnect.googleapis.com/v1/projects/impulse-purchase-tracker/locations [none]
[debug] [2025-10-25T22:18:44.362Z] <<< [apiv2][status] GET https://firebasedataconnect.googleapis.com/v1/projects/impulse-purchase-tracker/locations 200
